build/app/intermediates/manifest_merge_blame_file/developmentDebug/manifest-merger-blame-development-debug-report.txt
1<?xml version="1.0" encoding="utf-8"?>
2<manifest xmlns:android="http://schemas.android.com/apk/res/android"
3    package="com.ilead.talent.link.talent_link.dev"
4    android:versionCode="1"
5    android:versionName="1.0.0" >
6
7    <uses-sdk
8        android:minSdkVersion="19"
9        android:targetSdkVersion="33" />
10    <!--
11         The INTERNET permission is required for development. Specifically,
12         the Flutter tool needs it to communicate with the running application
13         to allow setting breakpoints, to provide hot reload, etc.
14    -->
15    <uses-permission android:name="android.permission.INTERNET" />
15-->src\main\AndroidManifest.xml:4:5-67
15-->src\main\AndroidManifest.xml:4:22-64
16    <uses-permission android:name="android.permission.CAMERA" />
16-->src\main\AndroidManifest.xml:5:5-65
16-->src\main\AndroidManifest.xml:5:22-62
17    <uses-permission android:name="android.permission.READ_EXTERNAL_STORAGE" />
17-->src\main\AndroidManifest.xml:6:5-80
17-->src\main\AndroidManifest.xml:6:22-77
18    <uses-permission android:name="android.permission.ACCESS_FINE_LOCATION" />
18-->src\main\AndroidManifest.xml:7:5-79
18-->src\main\AndroidManifest.xml:7:22-76
19    <uses-permission android:name="android.permission.ACCESS_COARSE_LOCATION" />
19-->src\main\AndroidManifest.xml:8:5-81
19-->src\main\AndroidManifest.xml:8:22-78
20    <uses-permission android:name="android.permission.WRITE_EXTERNAL_STORAGE" />
20-->src\main\AndroidManifest.xml:9:5-81
20-->src\main\AndroidManifest.xml:9:22-78
21    <uses-permission android:name="android.permission.WAKE_LOCK" />
21-->[:firebase_messaging] AndroidManifest.xml:10:5-68
21-->[:firebase_messaging] AndroidManifest.xml:10:22-65
22    <uses-permission android:name="android.permission.ACCESS_NETWORK_STATE" /> <!-- Permissions options for the `notification` group -->
22-->[:firebase_messaging] AndroidManifest.xml:11:5-79
22-->[:firebase_messaging] AndroidManifest.xml:11:22-76
23    <uses-permission android:name="android.permission.POST_NOTIFICATIONS" />
23-->[:firebase_messaging] AndroidManifest.xml:13:5-77
23-->[:firebase_messaging] AndroidManifest.xml:13:22-74
24
25    <queries>
25-->[:file_picker] AndroidManifest.xml:11:5-17:15
26        <intent>
26-->[:file_picker] AndroidManifest.xml:12:9-16:18
27            <action android:name="android.intent.action.GET_CONTENT" />
27-->[:file_picker] AndroidManifest.xml:13:13-72
27-->[:file_picker] AndroidManifest.xml:13:21-69
28
29            <data android:mimeType="*/*" />
29-->[:file_picker] AndroidManifest.xml:15:13-44
29-->[:file_picker] AndroidManifest.xml:15:19-41
30        </intent>
31        <intent>
31-->[com.huawei.hms:device:6.9.0.300] AndroidManifest.xml:15:9-17:18
32            <action android:name="com.huawei.hms.core.aidlservice" />
32-->[com.huawei.hms:device:6.9.0.300] AndroidManifest.xml:16:13-70
32-->[com.huawei.hms:device:6.9.0.300] AndroidManifest.xml:16:21-67
33        </intent>
34        <intent>
34-->[com.huawei.hms:device:6.9.0.300] AndroidManifest.xml:18:9-20:18
35            <action android:name="com.huawei.hms.core" />
35-->[com.huawei.hms:device:6.9.0.300] AndroidManifest.xml:19:13-58
35-->[com.huawei.hms:device:6.9.0.300] AndroidManifest.xml:19:21-55
36        </intent>
37    </queries>
38
39    <uses-permission android:name="android.permission.RECEIVE_BOOT_COMPLETED" />
39-->[:flutter_local_notifications] AndroidManifest.xml:9:5-81
39-->[:flutter_local_notifications] AndroidManifest.xml:9:22-78
40    <uses-permission android:name="android.permission.VIBRATE" />
40-->[:flutter_local_notifications] AndroidManifest.xml:10:5-66
40-->[:flutter_local_notifications] AndroidManifest.xml:10:22-63
41    <uses-permission android:name="android.permission.USE_FULL_SCREEN_INTENT" />
41-->[:flutter_local_notifications] AndroidManifest.xml:11:5-81
41-->[:flutter_local_notifications] AndroidManifest.xml:11:22-78
42    <uses-permission android:name="android.permission.SCHEDULE_EXACT_ALARM" /> <!-- Required by older versions of Google Play services to create IID tokens -->
42-->[:flutter_local_notifications] AndroidManifest.xml:12:5-79
42-->[:flutter_local_notifications] AndroidManifest.xml:12:22-76
43    <uses-permission android:name="com.google.android.c2dm.permission.RECEIVE" />
43-->[com.google.firebase:firebase-messaging:23.3.1] AndroidManifest.xml:26:5-82
43-->[com.google.firebase:firebase-messaging:23.3.1] AndroidManifest.xml:26:22-79
44
45    <permission
45-->[androidx.core:core:1.10.1] AndroidManifest.xml:22:5-24:47
46        android:name="com.ilead.talent.link.talent_link.dev.DYNAMIC_RECEIVER_NOT_EXPORTED_PERMISSION"
46-->[androidx.core:core:1.10.1] AndroidManifest.xml:23:9-81
47        android:protectionLevel="signature" />
47-->[androidx.core:core:1.10.1] AndroidManifest.xml:24:9-44
48
49    <uses-permission android:name="com.ilead.talent.link.talent_link.dev.DYNAMIC_RECEIVER_NOT_EXPORTED_PERMISSION" />
49-->[androidx.core:core:1.10.1] AndroidManifest.xml:26:5-97
49-->[androidx.core:core:1.10.1] AndroidManifest.xml:26:22-94
50
51    <permission
51-->[com.huawei.hms:push:6.11.0.300] AndroidManifest.xml:9:5-11:47
52        android:name="com.ilead.talent.link.talent_link.dev.permission.PROCESS_PUSH_MSG"
52-->[com.huawei.hms:push:6.11.0.300] AndroidManifest.xml:10:9-68
53        android:protectionLevel="signature" /> <!-- PUSH_PROVIDER and PUSH_WRITE_PROVIDER are both provider registered permissions for the notification switch. -->
53-->[com.huawei.hms:push:6.11.0.300] AndroidManifest.xml:11:9-44
54    <!-- The SDK's notification bar switch, EMUI 9.x becomes write to the local sp, sharing the file through the provider to the push-rom, which reads the sp file to get the status of the notification bar switch. -->
55    <permission
55-->[com.huawei.hms:push:6.11.0.300] AndroidManifest.xml:14:5-16:47
56        android:name="com.ilead.talent.link.talent_link.dev.permission.PUSH_PROVIDER"
56-->[com.huawei.hms:push:6.11.0.300] AndroidManifest.xml:15:9-65
57        android:protectionLevel="signature" />
57-->[com.huawei.hms:push:6.11.0.300] AndroidManifest.xml:16:9-44
58    <permission
58-->[com.huawei.hms:push:6.11.0.300] AndroidManifest.xml:17:5-19:47
59        android:name="com.ilead.talent.link.talent_link.dev.permission.PUSH_WRITE_PROVIDER"
59-->[com.huawei.hms:push:6.11.0.300] AndroidManifest.xml:18:9-71
60        android:protectionLevel="signature" />
60-->[com.huawei.hms:push:6.11.0.300] AndroidManifest.xml:19:9-44
61
62    <uses-permission android:name="com.ilead.talent.link.talent_link.dev.permission.PROCESS_PUSH_MSG" />
62-->[com.huawei.hms:push:6.11.0.300] AndroidManifest.xml:21:5-84
62-->[com.huawei.hms:push:6.11.0.300] AndroidManifest.xml:21:22-81
63    <uses-permission android:name="com.ilead.talent.link.talent_link.dev.permission.PUSH_PROVIDER" />
63-->[com.huawei.hms:push:6.11.0.300] AndroidManifest.xml:22:5-81
63-->[com.huawei.hms:push:6.11.0.300] AndroidManifest.xml:22:22-78
64
65    <application
65-->src\main\AndroidManifest.xml:11:5-43:19
66        android:appComponentFactory="androidx.core.app.CoreComponentFactory"
66-->[androidx.core:core:1.10.1] AndroidManifest.xml:28:18-86
67        android:debuggable="true"
68        android:icon="@mipmap/ic_launcher"
68-->src\main\AndroidManifest.xml:12:9-43
69        android:label="@string/app_name"
69-->src\main\AndroidManifest.xml:13:9-41
70        android:requestLegacyExternalStorage="true"
70-->src\main\AndroidManifest.xml:14:9-52
71        android:usesCleartextTraffic="true" >
71-->src\main\AndroidManifest.xml:15:9-44
72        <activity
72-->src\main\AndroidManifest.xml:16:9-35:20
73            android:name="com.ilead.talent.link.talent_link.MainActivity"
73-->src\main\AndroidManifest.xml:17:13-41
74            android:configChanges="orientation|keyboardHidden|keyboard|screenSize|smallestScreenSize|locale|layoutDirection|fontScale|screenLayout|density|uiMode"
74-->src\main\AndroidManifest.xml:18:13-163
75            android:exported="true"
75-->src\main\AndroidManifest.xml:19:13-36
76            android:hardwareAccelerated="true"
76-->src\main\AndroidManifest.xml:20:13-47
77            android:launchMode="singleTop"
77-->src\main\AndroidManifest.xml:21:13-43
78            android:theme="@style/LaunchTheme"
78-->src\main\AndroidManifest.xml:22:13-47
79            android:windowSoftInputMode="adjustResize" >
79-->src\main\AndroidManifest.xml:23:13-55
80
81            <!--
82                 Specifies an Android theme to apply to this Activity as soon as
83                 the Android process has started. This theme is visible to the user
84                 while the Flutter UI initializes. After that, this theme continues
85                 to determine the Window background behind the Flutter UI.
86            -->
87            <meta-data
87-->src\main\AndroidManifest.xml:28:13-30:57
88                android:name="io.flutter.embedding.android.NormalTheme"
88-->src\main\AndroidManifest.xml:29:17-72
89                android:resource="@style/NormalTheme" />
89-->src\main\AndroidManifest.xml:30:17-54
90
91            <intent-filter>
91-->src\main\AndroidManifest.xml:31:13-34:29
92                <action android:name="android.intent.action.MAIN" />
92-->src\main\AndroidManifest.xml:32:17-69
92-->src\main\AndroidManifest.xml:32:25-66
93
94                <category android:name="android.intent.category.LAUNCHER" />
94-->src\main\AndroidManifest.xml:33:17-77
94-->src\main\AndroidManifest.xml:33:27-74
95            </intent-filter>
96        </activity>
97        <!--
98             Don't delete the meta-data below.
99             This is used by the Flutter tool to generate GeneratedPluginRegistrant.java
100        -->
101        <meta-data
101-->src\main\AndroidManifest.xml:38:9-40:33
102            android:name="flutterEmbedding"
102-->src\main\AndroidManifest.xml:39:13-44
103            android:value="2" />
103-->src\main\AndroidManifest.xml:40:13-30
104
105        <service
105-->[:firebase_messaging] AndroidManifest.xml:16:9-19:72
106            android:name="io.flutter.plugins.firebase.messaging.FlutterFirebaseMessagingBackgroundService"
106-->[:firebase_messaging] AndroidManifest.xml:17:13-107
107            android:exported="false"
107-->[:firebase_messaging] AndroidManifest.xml:18:13-37
108            android:permission="android.permission.BIND_JOB_SERVICE" />
108-->[:firebase_messaging] AndroidManifest.xml:19:13-69
109        <service
109-->[:firebase_messaging] AndroidManifest.xml:20:9-26:19
110            android:name="io.flutter.plugins.firebase.messaging.FlutterFirebaseMessagingService"
110-->[:firebase_messaging] AndroidManifest.xml:21:13-97
111            android:exported="false" >
111-->[:firebase_messaging] AndroidManifest.xml:22:13-37
112            <intent-filter>
112-->[:firebase_messaging] AndroidManifest.xml:23:13-25:29
113                <action android:name="com.google.firebase.MESSAGING_EVENT" />
113-->[:firebase_messaging] AndroidManifest.xml:24:17-78
113-->[:firebase_messaging] AndroidManifest.xml:24:25-75
114            </intent-filter>
115        </service>
116
117        <receiver
117-->[:firebase_messaging] AndroidManifest.xml:28:9-35:20
118            android:name="io.flutter.plugins.firebase.messaging.FlutterFirebaseMessagingReceiver"
118-->[:firebase_messaging] AndroidManifest.xml:29:13-98
119            android:exported="true"
119-->[:firebase_messaging] AndroidManifest.xml:30:13-36
120            android:permission="com.google.android.c2dm.permission.SEND" >
120-->[:firebase_messaging] AndroidManifest.xml:31:13-73
121            <intent-filter>
121-->[:firebase_messaging] AndroidManifest.xml:32:13-34:29
122                <action android:name="com.google.android.c2dm.intent.RECEIVE" />
122-->[:firebase_messaging] AndroidManifest.xml:33:17-81
122-->[:firebase_messaging] AndroidManifest.xml:33:25-78
123            </intent-filter>
124        </receiver>
125
126        <service
126-->[:firebase_messaging] AndroidManifest.xml:37:9-41:19
127            android:name="com.google.firebase.components.ComponentDiscoveryService"
127-->[:firebase_messaging] AndroidManifest.xml:37:18-89
128            android:directBootAware="true"
128-->[com.google.firebase:firebase-common:20.4.2] AndroidManifest.xml:32:13-43
129            android:exported="false" >
129-->[com.google.firebase:firebase-messaging:23.3.1] AndroidManifest.xml:56:13-37
130            <meta-data
130-->[:firebase_messaging] AndroidManifest.xml:38:13-40:85
131                android:name="com.google.firebase.components:io.flutter.plugins.firebase.messaging.FlutterFirebaseAppRegistrar"
131-->[:firebase_messaging] AndroidManifest.xml:39:17-128
132                android:value="com.google.firebase.components.ComponentRegistrar" />
132-->[:firebase_messaging] AndroidManifest.xml:40:17-82
133            <meta-data
133-->[:firebase_core] AndroidManifest.xml:11:13-13:85
134                android:name="com.google.firebase.components:io.flutter.plugins.firebase.core.FlutterFirebaseCoreRegistrar"
134-->[:firebase_core] AndroidManifest.xml:12:17-124
135                android:value="com.google.firebase.components.ComponentRegistrar" />
135-->[:firebase_core] AndroidManifest.xml:13:17-82
136            <meta-data
136-->[com.google.firebase:firebase-messaging:23.3.1] AndroidManifest.xml:57:13-59:85
137                android:name="com.google.firebase.components:com.google.firebase.messaging.FirebaseMessagingKtxRegistrar"
137-->[com.google.firebase:firebase-messaging:23.3.1] AndroidManifest.xml:58:17-122
138                android:value="com.google.firebase.components.ComponentRegistrar" />
138-->[com.google.firebase:firebase-messaging:23.3.1] AndroidManifest.xml:59:17-82
139            <meta-data
139-->[com.google.firebase:firebase-messaging:23.3.1] AndroidManifest.xml:60:13-62:85
140                android:name="com.google.firebase.components:com.google.firebase.messaging.FirebaseMessagingRegistrar"
140-->[com.google.firebase:firebase-messaging:23.3.1] AndroidManifest.xml:61:17-119
141                android:value="com.google.firebase.components.ComponentRegistrar" />
141-->[com.google.firebase:firebase-messaging:23.3.1] AndroidManifest.xml:62:17-82
142            <meta-data
142-->[com.google.firebase:firebase-iid:21.1.0] AndroidManifest.xml:32:13-34:85
143                android:name="com.google.firebase.components:com.google.firebase.iid.Registrar"
143-->[com.google.firebase:firebase-iid:21.1.0] AndroidManifest.xml:33:17-96
144                android:value="com.google.firebase.components.ComponentRegistrar" />
144-->[com.google.firebase:firebase-iid:21.1.0] AndroidManifest.xml:34:17-82
145            <meta-data
145-->[com.google.firebase:firebase-installations:17.2.0] AndroidManifest.xml:15:13-17:85
146                android:name="com.google.firebase.components:com.google.firebase.installations.FirebaseInstallationsKtxRegistrar"
146-->[com.google.firebase:firebase-installations:17.2.0] AndroidManifest.xml:16:17-130
147                android:value="com.google.firebase.components.ComponentRegistrar" />
147-->[com.google.firebase:firebase-installations:17.2.0] AndroidManifest.xml:17:17-82
148            <meta-data
148-->[com.google.firebase:firebase-installations:17.2.0] AndroidManifest.xml:18:13-20:85
149                android:name="com.google.firebase.components:com.google.firebase.installations.FirebaseInstallationsRegistrar"
149-->[com.google.firebase:firebase-installations:17.2.0] AndroidManifest.xml:19:17-127
150                android:value="com.google.firebase.components.ComponentRegistrar" />
150-->[com.google.firebase:firebase-installations:17.2.0] AndroidManifest.xml:20:17-82
151            <meta-data
151-->[com.google.firebase:firebase-common-ktx:20.4.2] AndroidManifest.xml:12:13-14:85
152                android:name="com.google.firebase.components:com.google.firebase.ktx.FirebaseCommonLegacyRegistrar"
152-->[com.google.firebase:firebase-common-ktx:20.4.2] AndroidManifest.xml:13:17-116
153                android:value="com.google.firebase.components.ComponentRegistrar" />
153-->[com.google.firebase:firebase-common-ktx:20.4.2] AndroidManifest.xml:14:17-82
154            <meta-data
154-->[com.google.firebase:firebase-common:20.4.2] AndroidManifest.xml:35:13-37:85
155                android:name="com.google.firebase.components:com.google.firebase.FirebaseCommonKtxRegistrar"
155-->[com.google.firebase:firebase-common:20.4.2] AndroidManifest.xml:36:17-109
156                android:value="com.google.firebase.components.ComponentRegistrar" />
156-->[com.google.firebase:firebase-common:20.4.2] AndroidManifest.xml:37:17-82
157            <meta-data
157-->[com.google.firebase:firebase-datatransport:18.1.7] AndroidManifest.xml:27:13-29:85
158                android:name="com.google.firebase.components:com.google.firebase.datatransport.TransportRegistrar"
158-->[com.google.firebase:firebase-datatransport:18.1.7] AndroidManifest.xml:28:17-115
159                android:value="com.google.firebase.components.ComponentRegistrar" />
159-->[com.google.firebase:firebase-datatransport:18.1.7] AndroidManifest.xml:29:17-82
160        </service>
161
162        <provider
162-->[:firebase_messaging] AndroidManifest.xml:43:9-47:38
163            android:name="io.flutter.plugins.firebase.messaging.FlutterFirebaseMessagingInitProvider"
163-->[:firebase_messaging] AndroidManifest.xml:44:13-102
164            android:authorities="com.ilead.talent.link.talent_link.dev.flutterfirebasemessaginginitprovider"
164-->[:firebase_messaging] AndroidManifest.xml:45:13-88
165            android:exported="false"
165-->[:firebase_messaging] AndroidManifest.xml:46:13-37
166            android:initOrder="99" />
166-->[:firebase_messaging] AndroidManifest.xml:47:13-35
167
168        <service
168-->[:geolocator_android] AndroidManifest.xml:10:9-14:56
169            android:name="com.baseflow.geolocator.GeolocatorLocationService"
169-->[:geolocator_android] AndroidManifest.xml:11:13-77
170            android:enabled="true"
170-->[:geolocator_android] AndroidManifest.xml:12:13-35
171            android:exported="false"
171-->[:geolocator_android] AndroidManifest.xml:13:13-37
172            android:foregroundServiceType="location" />
172-->[:geolocator_android] AndroidManifest.xml:14:13-53
173
174        <provider
174-->[:image_picker_android] AndroidManifest.xml:10:9-18:20
175            android:name="io.flutter.plugins.imagepicker.ImagePickerFileProvider"
175-->[:image_picker_android] AndroidManifest.xml:11:13-82
176            android:authorities="com.ilead.talent.link.talent_link.dev.flutter.image_provider"
176-->[:image_picker_android] AndroidManifest.xml:12:13-74
177            android:exported="false"
177-->[:image_picker_android] AndroidManifest.xml:13:13-37
178            android:grantUriPermissions="true" >
178-->[:image_picker_android] AndroidManifest.xml:14:13-47
179            <meta-data
179-->[:image_picker_android] AndroidManifest.xml:15:13-17:75
180                android:name="android.support.FILE_PROVIDER_PATHS"
180-->[:image_picker_android] AndroidManifest.xml:16:17-67
181                android:resource="@xml/flutter_image_picker_file_paths" />
181-->[:image_picker_android] AndroidManifest.xml:17:17-72
182        </provider>
183
184        <receiver
184-->[:flutter_local_notifications] AndroidManifest.xml:16:9-18:40
185            android:name="com.dexterous.flutterlocalnotifications.ActionBroadcastReceiver"
185-->[:flutter_local_notifications] AndroidManifest.xml:17:13-91
186            android:exported="false" />
186-->[:flutter_local_notifications] AndroidManifest.xml:18:13-37
187        <receiver
187-->[:flutter_local_notifications] AndroidManifest.xml:19:9-21:40
188            android:name="com.dexterous.flutterlocalnotifications.ScheduledNotificationReceiver"
188-->[:flutter_local_notifications] AndroidManifest.xml:20:13-97
189            android:exported="false" />
189-->[:flutter_local_notifications] AndroidManifest.xml:21:13-37
190        <receiver
190-->[:flutter_local_notifications] AndroidManifest.xml:22:9-31:20
191            android:name="com.dexterous.flutterlocalnotifications.ScheduledNotificationBootReceiver"
191-->[:flutter_local_notifications] AndroidManifest.xml:23:13-101
192            android:exported="false" >
192-->[:flutter_local_notifications] AndroidManifest.xml:24:13-37
193            <intent-filter>
193-->[:flutter_local_notifications] AndroidManifest.xml:25:13-30:29
194                <action android:name="android.intent.action.BOOT_COMPLETED" />
194-->[:flutter_local_notifications] AndroidManifest.xml:26:17-79
194-->[:flutter_local_notifications] AndroidManifest.xml:26:25-76
195                <action android:name="android.intent.action.MY_PACKAGE_REPLACED" />
195-->[:flutter_local_notifications] AndroidManifest.xml:27:17-84
195-->[:flutter_local_notifications] AndroidManifest.xml:27:25-81
196                <action android:name="android.intent.action.QUICKBOOT_POWERON" />
196-->[:flutter_local_notifications] AndroidManifest.xml:28:17-82
196-->[:flutter_local_notifications] AndroidManifest.xml:28:25-79
197                <action android:name="com.htc.intent.action.QUICKBOOT_POWERON" />
197-->[:flutter_local_notifications] AndroidManifest.xml:29:17-82
197-->[:flutter_local_notifications] AndroidManifest.xml:29:25-79
198            </intent-filter>
199        </receiver>
200
201        <activity
201-->[:url_launcher_android] AndroidManifest.xml:10:9-13:74
202            android:name="io.flutter.plugins.urllauncher.WebViewActivity"
202-->[:url_launcher_android] AndroidManifest.xml:11:13-74
203            android:exported="false"
203-->[:url_launcher_android] AndroidManifest.xml:12:13-37
204            android:theme="@android:style/Theme.NoTitleBar.Fullscreen" />
204-->[:url_launcher_android] AndroidManifest.xml:13:13-71
205
206        <service
206-->[:huawei_push] AndroidManifest.xml:13:9-19:19
207            android:name="com.huawei.hms.flutter.push.hms.FlutterHmsMessageService"
207-->[:huawei_push] AndroidManifest.xml:14:13-84
208            android:exported="false" >
208-->[:huawei_push] AndroidManifest.xml:15:13-37
209            <intent-filter>
209-->[:huawei_push] AndroidManifest.xml:16:13-18:29
210                <action android:name="com.huawei.push.action.MESSAGING_EVENT" />
210-->[:huawei_push] AndroidManifest.xml:17:17-81
210-->[:huawei_push] AndroidManifest.xml:17:25-78
211            </intent-filter>
212        </service> <!-- This receiver is for local notification click actions -->
213        <receiver android:name="com.huawei.hms.flutter.push.receiver.local.HmsLocalNotificationActionsReceiver" />
213-->[:huawei_push] AndroidManifest.xml:21:9-115
213-->[:huawei_push] AndroidManifest.xml:21:19-112
214
215        <service
215-->[:huawei_push] AndroidManifest.xml:23:9-26:72
216            android:name="com.huawei.hms.flutter.push.backgroundmessaging.BackgroundMessagingService"
216-->[:huawei_push] AndroidManifest.xml:24:13-102
217            android:exported="true"
217-->[:huawei_push] AndroidManifest.xml:25:13-36
218            android:permission="android.permission.BIND_JOB_SERVICE" />
218-->[:huawei_push] AndroidManifest.xml:26:13-69
219
220        <receiver
220-->[com.google.firebase:firebase-messaging:23.3.1] AndroidManifest.xml:29:9-40:20
221            android:name="com.google.firebase.iid.FirebaseInstanceIdReceiver"
221-->[com.google.firebase:firebase-messaging:23.3.1] AndroidManifest.xml:30:13-78
222            android:exported="true"
222-->[com.google.firebase:firebase-messaging:23.3.1] AndroidManifest.xml:31:13-36
223            android:permission="com.google.android.c2dm.permission.SEND" >
223-->[com.google.firebase:firebase-messaging:23.3.1] AndroidManifest.xml:32:13-73
224            <intent-filter>
224-->[:firebase_messaging] AndroidManifest.xml:32:13-34:29
225                <action android:name="com.google.android.c2dm.intent.RECEIVE" />
225-->[:firebase_messaging] AndroidManifest.xml:33:17-81
225-->[:firebase_messaging] AndroidManifest.xml:33:25-78
226            </intent-filter>
227
228            <meta-data
228-->[com.google.firebase:firebase-messaging:23.3.1] AndroidManifest.xml:37:13-39:40
229                android:name="com.google.android.gms.cloudmessaging.FINISHED_AFTER_HANDLED"
229-->[com.google.firebase:firebase-messaging:23.3.1] AndroidManifest.xml:38:17-92
230                android:value="true" />
230-->[com.google.firebase:firebase-messaging:23.3.1] AndroidManifest.xml:39:17-37
231        </receiver>
232        <!--
233             FirebaseMessagingService performs security checks at runtime,
234             but set to not exported to explicitly avoid allowing another app to call it.
235        -->
236        <service
236-->[com.google.firebase:firebase-messaging:23.3.1] AndroidManifest.xml:46:9-53:19
237            android:name="com.google.firebase.messaging.FirebaseMessagingService"
237-->[com.google.firebase:firebase-messaging:23.3.1] AndroidManifest.xml:47:13-82
238            android:directBootAware="true"
238-->[com.google.firebase:firebase-messaging:23.3.1] AndroidManifest.xml:48:13-43
239            android:exported="false" >
239-->[com.google.firebase:firebase-messaging:23.3.1] AndroidManifest.xml:49:13-37
240            <intent-filter android:priority="-500" >
240-->[:firebase_messaging] AndroidManifest.xml:23:13-25:29
241                <action android:name="com.google.firebase.MESSAGING_EVENT" />
241-->[:firebase_messaging] AndroidManifest.xml:24:17-78
241-->[:firebase_messaging] AndroidManifest.xml:24:25-75
242            </intent-filter>
243        </service>
244
245        <provider
245-->[com.google.firebase:firebase-common:20.4.2] AndroidManifest.xml:23:9-28:39
246            android:name="com.google.firebase.provider.FirebaseInitProvider"
246-->[com.google.firebase:firebase-common:20.4.2] AndroidManifest.xml:24:13-77
247            android:authorities="com.ilead.talent.link.talent_link.dev.firebaseinitprovider"
247-->[com.google.firebase:firebase-common:20.4.2] AndroidManifest.xml:25:13-72
248            android:directBootAware="true"
248-->[com.google.firebase:firebase-common:20.4.2] AndroidManifest.xml:26:13-43
249            android:exported="false"
249-->[com.google.firebase:firebase-common:20.4.2] AndroidManifest.xml:27:13-37
250            android:initOrder="100" />
250-->[com.google.firebase:firebase-common:20.4.2] AndroidManifest.xml:28:13-36
251
252        <activity
252-->[com.google.android.gms:play-services-base:18.2.0] AndroidManifest.xml:20:9-22:45
253            android:name="com.google.android.gms.common.api.GoogleApiActivity"
253-->[com.google.android.gms:play-services-base:18.2.0] AndroidManifest.xml:20:19-85
254            android:exported="false"
254-->[com.google.android.gms:play-services-base:18.2.0] AndroidManifest.xml:22:19-43
255            android:theme="@android:style/Theme.Translucent.NoTitleBar" />
255-->[com.google.android.gms:play-services-base:18.2.0] AndroidManifest.xml:21:19-78
256
257        <meta-data
257-->[com.google.android.gms:play-services-basement:18.1.0] AndroidManifest.xml:21:9-23:69
258            android:name="com.google.android.gms.version"
258-->[com.google.android.gms:play-services-basement:18.1.0] AndroidManifest.xml:22:13-58
259            android:value="@integer/google_play_services_version" />
259-->[com.google.android.gms:play-services-basement:18.1.0] AndroidManifest.xml:23:13-66
260
261        <uses-library
261-->[androidx.window:window:1.0.0-beta04] AndroidManifest.xml:25:9-27:40
262            android:name="androidx.window.extensions"
262-->[androidx.window:window:1.0.0-beta04] AndroidManifest.xml:26:13-54
263            android:required="false" />
263-->[androidx.window:window:1.0.0-beta04] AndroidManifest.xml:27:13-37
264        <uses-library
264-->[androidx.window:window:1.0.0-beta04] AndroidManifest.xml:28:9-30:40
265            android:name="androidx.window.sidecar"
265-->[androidx.window:window:1.0.0-beta04] AndroidManifest.xml:29:13-51
266            android:required="false" />
266-->[androidx.window:window:1.0.0-beta04] AndroidManifest.xml:30:13-37
267
268        <receiver
268-->[com.huawei.hms:push:6.11.0.300] AndroidManifest.xml:25:9-37:20
269            android:name="com.huawei.hms.support.api.push.PushMsgReceiver"
269-->[com.huawei.hms:push:6.11.0.300] AndroidManifest.xml:26:13-75
270            android:directBootAware="true"
270-->[com.huawei.hms:push:6.11.0.300] AndroidManifest.xml:27:13-43
271            android:exported="true"
271-->[com.huawei.hms:push:6.11.0.300] AndroidManifest.xml:28:13-36
272            android:permission="com.ilead.talent.link.talent_link.dev.permission.PROCESS_PUSH_MSG" >
272-->[com.huawei.hms:push:6.11.0.300] AndroidManifest.xml:29:13-78
273            <intent-filter>
273-->[com.huawei.hms:push:6.11.0.300] AndroidManifest.xml:30:13-36:29
274
275                <!-- Mandatory, be used to receive notification bar message click event. -->
276                <action android:name="com.huawei.intent.action.PUSH_DELAY_NOTIFY" />
276-->[com.huawei.hms:push:6.11.0.300] AndroidManifest.xml:33:17-85
276-->[com.huawei.hms:push:6.11.0.300] AndroidManifest.xml:33:25-82
277                <!-- Optional, compatible with old huawei phones. -->
278                <action android:name="com.huawei.intent.action.PUSH" />
278-->[com.huawei.hms:push:6.11.0.300] AndroidManifest.xml:35:17-72
278-->[com.huawei.hms:push:6.11.0.300] AndroidManifest.xml:35:25-69
279            </intent-filter>
280        </receiver>
281        <receiver
281-->[com.huawei.hms:push:6.11.0.300] AndroidManifest.xml:38:9-50:20
282            android:name="com.huawei.hms.support.api.push.PushReceiver"
282-->[com.huawei.hms:push:6.11.0.300] AndroidManifest.xml:39:13-72
283            android:directBootAware="true"
283-->[com.huawei.hms:push:6.11.0.300] AndroidManifest.xml:40:13-43
284            android:exported="true"
284-->[com.huawei.hms:push:6.11.0.300] AndroidManifest.xml:41:13-36